Demarrage du pipeline...
[1/6] Chargement des donnees terrain...
[terrain] 197 fichiers chargés, 0 ignorés sur 197 trouvés.
     58833 lignes journalieres chargees.
[2/6] Chargement des donnees satellite...
     126029 enregistrements satellite, 2472 ERA5.
[3/6] Fusion des sources...
[remap] 24 stations terrain -> 24 regions satellite (ex: [('00001A3F', 'R01'), ('00001A46', 'R02'), ('00002CE0', 'R03')])
     98490 lignes fusionnees.
[4/6] Nettoyage et feature engineering...
Outliers in om_temp_max_c: 2
Outliers in om_temp_min_c: 0
Outliers in om_temp_mean_c: 0
Outliers in om_precip_mm: 10893
Outliers in om_humidity_pct: 0
Outliers in om_wind_speed_ms: 645
Outliers in om_radiation_mjm2: 0
Outliers in lat: 0
Outliers in lon: 28771
Outliers in np_vapor_pressure: 64
Outliers in om_temperature: 0
Outliers in om_precipitation: 10893
Outliers in om_humidity: 0
Outliers in om_wind_speed: 645
Outliers in om_radiation: 0
Outliers in temp_mean_c: 4
Outliers in temp_max_c: 3
Outliers in temp_min_c: 4
Outliers in dewpoint_c: 390
Outliers in humidity_pct: 0
Outliers in precip_mm_jour: 9294
Outliers in wind_2m_ms: 1411
Outliers in wind_10m_ms: 1806
Outliers in radiation_mjm2_jour: 0
Outliers in pressure_kpa: 0
Outliers in pressure_hpa: 0
Outliers in nasa_temperature: 4
Outliers in nasa_precipitation: 9294
Outliers in nasa_humidity: 0
Outliers in nasa_wind_speed: 1411
Outliers in nasa_radiation: 0
Outliers in terrain_temperature: 93
Outliers in terrain_precipitation: 9645
Outliers in terrain_dewpoint: 1794
Outliers in terrain_humidity: 2607
Outliers in terrain_wind_speed: 1788
Outliers in lat_terrain: 0
Outliers in lon_terrain: 28771
Outliers in era5_dewpoint_temperature_2m: 118
Outliers in era5_surface_pressure: 0
Outliers in era5_surface_solar_radiation_downwards: 0
Outliers in era5_temperature_2m: 0
Outliers in era5_total_precipitation: 2990
Outliers in era5_u_component_of_wind_10m: 62
Outliers in era5_v_component_of_wind_10m: 9017
Outliers in chirps_precipitation: 3443
Outliers in temperature_2m_c: 0
Outliers in dewpoint_temperature_2m_c: 118
Outliers in era5_precip_mm: 2990
Outliers in era5_wind_speed_ms: 5462
Outliers in era5_radiation_mjm2: 0
Outliers in era5_pressure_hpa: 0
Outliers in era5_temperature: 0
Outliers in era5_precipitation: 2990
Outliers in era5_radiation: 0
Outliers in era5_wind_speed: 5462
     Train=73867  Val=9849  Test=14774
[5/6] Entrainement des modeles (Optuna ~5 min)...
[train] Cible temperature: terrain_temperature  (plage=26.2C, couverture=33%)
[train] Temperature rows: train=73867, val=9849
python.exe : [I 2026-05-20 00:27:11,913] A new study created in memory with name: 
no-name-8abe5fd3-ee9e-4b6d-9e81-8268870a3432
At line:1 char:115
+ ... ather_ml_project"; & .venv\Scripts\python.exe -u main.py 2>&1 | Tee-O ...
+                        ~~~~~~~~~~~~~~~~~~~~~~~~~~~~~~~~~~~~~~~~~~
    + CategoryInfo          : NotSpecified: ([I 2026-05-20 0...81-8268870a3432:String) [], RemoteException
    + FullyQualifiedErrorId : NativeCommandError
 
[I 2026-05-20 00:27:22,327] Trial 0 finished with value: 0.11622926678543874 and parameters: {'n_estimators': 351, 
'max_depth': 5, 'learning_rate': 0.02670954636201446, 'subsample': 0.8434499774096884, 'colsample_bytree': 
0.9670254202260028, 'gamma': 0.7552679127890705}. Best is trial 0 with value: 0.11622926678543874.
[I 2026-05-20 00:27:31,010] Trial 1 finished with value: 0.12763844841550684 and parameters: {'n_estimators': 467, 
'max_depth': 8, 'learning_rate': 0.03648333373596376, 'subsample': 0.6349293583792888, 'colsample_bytree': 
0.9574740003271371, 'gamma': 1.7362931028391113}. Best is trial 0 with value: 0.11622926678543874.
[I 2026-05-20 00:27:49,928] Trial 2 finished with value: 0.1274527178001713 and parameters: {'n_estimators': 516, 
'max_depth': 7, 'learning_rate': 0.016556327819102327, 'subsample': 0.8028529291654924, 'colsample_bytree': 
0.8176437713792876, 'gamma': 1.4422490924575007}. Best is trial 0 with value: 0.11622926678543874.
[I 2026-05-20 00:27:57,006] Trial 3 finished with value: 0.1285013891849446 and parameters: {'n_estimators': 539, 
'max_depth': 8, 'learning_rate': 0.07138548993066289, 'subsample': 0.6432644279281663, 'colsample_bytree': 
0.9255640544847225, 'gamma': 0.6175128000710026}. Best is trial 0 with value: 0.11622926678543874.
[I 2026-05-20 00:28:12,840] Trial 4 finished with value: 0.13083329696531382 and parameters: {'n_estimators': 469, 
'max_depth': 8, 'learning_rate': 0.023230036277747633, 'subsample': 0.7592351126944424, 'colsample_bytree': 
0.6845616214439283, 'gamma': 1.421907456404819}. Best is trial 0 with value: 0.11622926678543874.
[I 2026-05-20 00:28:19,929] Trial 5 finished with value: 0.13409829376023738 and parameters: {'n_estimators': 539, 
'max_depth': 8, 'learning_rate': 0.05535655309394849, 'subsample': 0.6279598246065073, 'colsample_bytree': 
0.9251884862952249, 'gamma': 1.09101611087458}. Best is trial 0 with value: 0.11622926678543874.
[I 2026-05-20 00:28:32,791] Trial 6 finished with value: 0.1276834579786657 and parameters: {'n_estimators': 569, 
'max_depth': 5, 'learning_rate': 0.028091423630746803, 'subsample': 0.7086146660489904, 'colsample_bytree': 
0.8754318741984903, 'gamma': 0.9252138521595494}. Best is trial 0 with value: 0.11622926678543874.
[I 2026-05-20 00:28:41,541] Trial 7 finished with value: 0.30853810378891894 and parameters: {'n_estimators': 170, 
'max_depth': 8, 'learning_rate': 0.021866338392768154, 'subsample': 0.6038877432211963, 'colsample_bytree': 
0.7063257647666484, 'gamma': 0.638850947270972}. Best is trial 0 with value: 0.11622926678543874.
[I 2026-05-20 00:28:47,930] Trial 8 finished with value: 0.17499346578859218 and parameters: {'n_estimators': 246, 
'max_depth': 4, 'learning_rate': 0.026660684417734882, 'subsample': 0.7115441134407925, 'colsample_bytree': 
0.7004696313297984, 'gamma': 0.26694738742970614}. Best is trial 0 with value: 0.11622926678543874.
[I 2026-05-20 00:28:56,529] Trial 9 finished with value: 0.13446899614380595 and parameters: {'n_estimators': 222, 
'max_depth': 8, 'learning_rate': 0.04997280163625288, 'subsample': 0.7366416058748019, 'colsample_bytree': 
0.8288469480359495, 'gamma': 1.03178950005349}. Best is trial 0 with value: 0.11622926678543874.
[I 2026-05-20 00:29:04,718] Trial 10 finished with value: 0.10772473943035152 and parameters: {'n_estimators': 346, 
'max_depth': 3, 'learning_rate': 0.1477545821243545, 'subsample': 0.9224276464405109, 'colsample_bytree': 
0.9881056176865024, 'gamma': 0.09304629927723163}. Best is trial 10 with value: 0.10772473943035152.
[I 2026-05-20 00:29:12,223] Trial 11 finished with value: 0.11226143460950744 and parameters: {'n_estimators': 340, 
'max_depth': 3, 'learning_rate': 0.11823444310748481, 'subsample': 0.9215350568613347, 'colsample_bytree': 
0.9930040275349343, 'gamma': 0.1166503847158743}. Best is trial 10 with value: 0.10772473943035152.
[I 2026-05-20 00:29:19,511] Trial 12 finished with value: 0.1055007231012547 and parameters: {'n_estimators': 344, 
'max_depth': 3, 'learning_rate': 0.14087366534565304, 'subsample': 0.9620841643748795, 'colsample_bytree': 
0.993989612672228, 'gamma': 0.07711102086877902}. Best is trial 12 with value: 0.1055007231012547.
[I 2026-05-20 00:29:26,560] Trial 13 finished with value: 0.1449689211986234 and parameters: {'n_estimators': 352, 
'max_depth': 3, 'learning_rate': 0.14904690356219744, 'subsample': 0.9926720644273852, 'colsample_bytree': 
0.6051978343605724, 'gamma': 0.010726010087737659}. Best is trial 12 with value: 0.1055007231012547.
[I 2026-05-20 00:29:32,319] Trial 14 finished with value: 0.11731130243786253 and parameters: {'n_estimators': 287, 
'max_depth': 4, 'learning_rate': 0.09606928509558436, 'subsample': 0.9164628359388108, 'colsample_bytree': 
0.8820356708472541, 'gamma': 0.37653240602972865}. Best is trial 12 with value: 0.1055007231012547.
[I 2026-05-20 00:29:37,516] Trial 15 finished with value: 0.1506468549417415 and parameters: {'n_estimators': 408, 
'max_depth': 6, 'learning_rate': 0.08477832341584977, 'subsample': 0.9910058308636028, 'colsample_bytree': 
0.8894936285917587, 'gamma': 0.3883159880483989}. Best is trial 12 with value: 0.1055007231012547.
[I 2026-05-20 00:29:41,669] Trial 16 finished with value: 2.4207611046677098 and parameters: {'n_estimators': 140, 
'max_depth': 4, 'learning_rate': 0.010774287073640088, 'subsample': 0.9103935014448185, 'colsample_bytree': 
0.7702519252337754, 'gamma': 0.026505533826272076}. Best is trial 12 with value: 0.1055007231012547.
[I 2026-05-20 00:29:46,718] Trial 17 finished with value: 0.12626507041836096 and parameters: {'n_estimators': 418, 
'max_depth': 3, 'learning_rate': 0.1498951291635936, 'subsample': 0.9532857155233126, 'colsample_bytree': 
0.9921450173968454, 'gamma': 0.4455810975517745}. Best is trial 12 with value: 0.1055007231012547.
[I 2026-05-20 00:29:51,886] Trial 18 finished with value: 0.11356481488528668 and parameters: {'n_estimators': 288, 
'max_depth': 5, 'learning_rate': 0.10486083900122382, 'subsample': 0.8669299016905614, 'colsample_bytree': 
0.9307646306444074, 'gamma': 0.2158401297494726}. Best is trial 12 with value: 0.1055007231012547.
[I 2026-05-20 00:29:58,652] Trial 19 finished with value: 0.14278176802155307 and parameters: {'n_estimators': 399, 
'max_depth': 6, 'learning_rate': 0.06917652214467458, 'subsample': 0.8616383533765669, 'colsample_bytree': 
0.7673889318118154, 'gamma': 0.5818979090645442}. Best is trial 12 with value: 0.1055007231012547.
[train] Cible précipitation : terrain_precipitation
[I 2026-05-20 00:30:04,022] A new study created in memory with name: no-name-d8d7750a-7151-4045-8ce7-8a00a1ba5ced
[I 2026-05-20 00:30:07,044] Trial 0 finished with value: 0.24567260673903604 and parameters: {'n_estimators': 113, 
'max_depth': 4, 'learning_rate': 0.042682177109983455, 'subsample': 0.8746256309738336, 'colsample_bytree': 
0.6021992064137497, 'gamma': 0.44734013102126124}. Best is trial 0 with value: 0.24567260673903604.
[I 2026-05-20 00:30:11,049] Trial 1 finished with value: 0.2388388056005837 and parameters: {'n_estimators': 129, 
'max_depth': 5, 'learning_rate': 0.020561289994542674, 'subsample': 0.6037519981926575, 'colsample_bytree': 
0.8440933593150053, 'gamma': 0.3721463145851014}. Best is trial 1 with value: 0.2388388056005837.
[I 2026-05-20 00:30:13,758] Trial 2 finished with value: 0.24473528599923 and parameters: {'n_estimators': 103, 
'max_depth': 3, 'learning_rate': 0.0672954977863476, 'subsample': 0.7650171395262724, 'colsample_bytree': 
0.8275198610029884, 'gamma': 1.6105675920876625}. Best is trial 1 with value: 0.2388388056005837.
[I 2026-05-20 00:30:16,479] Trial 3 finished with value: 0.2457636112468663 and parameters: {'n_estimators': 168, 
'max_depth': 3, 'learning_rate': 0.06344959844262504, 'subsample': 0.844900955696103, 'colsample_bytree': 
0.7113716767625442, 'gamma': 1.7719569748078283}. Best is trial 1 with value: 0.2388388056005837.
[I 2026-05-20 00:30:20,708] Trial 4 finished with value: 0.23048478474510004 and parameters: {'n_estimators': 233, 
'max_depth': 8, 'learning_rate': 0.06412409139351578, 'subsample': 0.8475967022489445, 'colsample_bytree': 
0.8359268291344976, 'gamma': 1.1420509655561586}. Best is trial 4 with value: 0.23048478474510004.
[I 2026-05-20 00:30:25,475] Trial 5 finished with value: 0.23756426323445262 and parameters: {'n_estimators': 394, 
'max_depth': 5, 'learning_rate': 0.05978154921997103, 'subsample': 0.8870889096425434, 'colsample_bytree': 
0.7226772726749164, 'gamma': 1.6141329018766628}. Best is trial 4 with value: 0.23048478474510004.
[I 2026-05-20 00:30:38,840] Trial 6 finished with value: 0.2394216445433189 and parameters: {'n_estimators': 259, 
'max_depth': 8, 'learning_rate': 0.011130566677621242, 'subsample': 0.8940707105897695, 'colsample_bytree': 
0.6955047637924383, 'gamma': 1.820091307279998}. Best is trial 4 with value: 0.23048478474510004.
[I 2026-05-20 00:30:45,714] Trial 7 finished with value: 0.22777086351835477 and parameters: {'n_estimators': 201, 
'max_depth': 7, 'learning_rate': 0.053015664518219915, 'subsample': 0.65422866335907, 'colsample_bytree': 
0.9780185323300394, 'gamma': 1.5291647889785482}. Best is trial 7 with value: 0.22777086351835477.
[I 2026-05-20 00:30:53,268] Trial 8 finished with value: 0.2343447340342534 and parameters: {'n_estimators': 257, 
'max_depth': 6, 'learning_rate': 0.03047285649325903, 'subsample': 0.6444173094720971, 'colsample_bytree': 
0.6691896554454538, 'gamma': 1.5605102721324144}. Best is trial 7 with value: 0.22777086351835477.
[I 2026-05-20 00:31:05,402] Trial 9 finished with value: 0.23422588203442002 and parameters: {'n_estimators': 478, 
'max_depth': 8, 'learning_rate': 0.036433749467202944, 'subsample': 0.985421697189891, 'colsample_bytree': 
0.7811681813418331, 'gamma': 0.24642660460707466}. Best is trial 7 with value: 0.22777086351835477.
[I 2026-05-20 00:31:08,959] Trial 10 finished with value: 0.2233678204483754 and parameters: {'n_estimators': 521, 
'max_depth': 9, 'learning_rate': 0.1362158724442738, 'subsample': 0.6913377950163242, 'colsample_bytree': 
0.9930591020561222, 'gamma': 1.0120837646795433}. Best is trial 10 with value: 0.2233678204483754.
[I 2026-05-20 00:31:12,131] Trial 11 finished with value: 0.22880687058532256 and parameters: {'n_estimators': 540, 
'max_depth': 9, 'learning_rate': 0.14912094851107513, 'subsample': 0.7009009441769871, 'colsample_bytree': 
0.9821813530881143, 'gamma': 1.061327492085458}. Best is trial 10 with value: 0.2233678204483754.
[I 2026-05-20 00:31:15,823] Trial 12 finished with value: 0.22887952749882362 and parameters: {'n_estimators': 387, 
'max_depth': 7, 'learning_rate': 0.14481597248194403, 'subsample': 0.6972102716469452, 'colsample_bytree': 
0.9879488973574229, 'gamma': 0.7572520594732486}. Best is trial 10 with value: 0.2233678204483754.
[I 2026-05-20 00:31:18,993] Trial 13 finished with value: 0.23301909728743458 and parameters: {'n_estimators': 584, 
'max_depth': 9, 'learning_rate': 0.10776758407846068, 'subsample': 0.7393978860451035, 'colsample_bytree': 
0.9227176244371146, 'gamma': 1.3004656562946157}. Best is trial 10 with value: 0.2233678204483754.
[I 2026-05-20 00:31:21,921] Trial 14 finished with value: 0.23162297654403363 and parameters: {'n_estimators': 471, 
'max_depth': 7, 'learning_rate': 0.0980121859508508, 'subsample': 0.6520553414180247, 'colsample_bytree': 
0.9123770846241991, 'gamma': 0.776877192980759}. Best is trial 10 with value: 0.2233678204483754.
[I 2026-05-20 00:31:31,987] Trial 15 finished with value: 0.2303906181403727 and parameters: {'n_estimators': 314, 
'max_depth': 7, 'learning_rate': 0.01911305035969969, 'subsample': 0.6043062875326348, 'colsample_bytree': 
0.9238474149153556, 'gamma': 1.3178268764495595}. Best is trial 10 with value: 0.2233678204483754.
[I 2026-05-20 00:31:36,993] Trial 16 finished with value: 0.2257282991049297 and parameters: {'n_estimators': 447, 
'max_depth': 9, 'learning_rate': 0.09148107175875274, 'subsample': 0.694510274706418, 'colsample_bytree': 
0.997588569848544, 'gamma': 0.77236673306945}. Best is trial 10 with value: 0.2233678204483754.
[I 2026-05-20 00:31:42,223] Trial 17 finished with value: 0.23241980493281958 and parameters: {'n_estimators': 474, 
'max_depth': 9, 'learning_rate': 0.09210611159967165, 'subsample': 0.7932004737998217, 'colsample_bytree': 
0.8877200510333423, 'gamma': 0.678626135179542}. Best is trial 10 with value: 0.2233678204483754.
[I 2026-05-20 00:31:47,735] Trial 18 finished with value: 0.23261361828088994 and parameters: {'n_estimators': 591, 
'max_depth': 9, 'learning_rate': 0.11369612738875132, 'subsample': 0.71546937640905, 'colsample_bytree': 
0.9498586471449548, 'gamma': 0.013475329616122966}. Best is trial 10 with value: 0.2233678204483754.
[I 2026-05-20 00:31:51,942] Trial 19 finished with value: 0.23366460061783284 and parameters: {'n_estimators': 422, 
'max_depth': 8, 'learning_rate': 0.08121776021800807, 'subsample': 0.7789409664210599, 'colsample_bytree': 
0.8709993523738836, 'gamma': 0.9007506860406054}. Best is trial 10 with value: 0.2233678204483754.
[6/6] Evaluation et sauvegarde...

====================================================
               MÉTRIQUES D'ÉVALUATION               
====================================================

-- Validation (9849 lignes) --
  Temperature   RMSE=0.081C   R2=0.9999   Bias=+0.001C
  Precipitation RMSE=28.454mm   R2=0.4906   Bias=-0.507mm

-- Test (14774 lignes) --
  Temperature   RMSE=0.267C   R2=0.9993   Bias=-0.027C
  Precipitation RMSE=4.859mm   R2=0.2320   Bias=-0.172mm
====================================================


Pipeline termine. Modeles et predictions dans:
  models
  C:\Users\Dell\Projects\UM6P_weather_ml_project\data_processed
